<?xml version="1.0" encoding="UTF-8"?>
<!-- Generated by org.testng.reporters.JUnitXMLReporter -->
<testsuite ignored="0" hostname="Batman" failures="1" tests="6" name="Surefire test" time="78.196" errors="0" timestamp="2024-03-24T17:02:02 IST">
  <testcase classname="E_commerce.E_commerce.TestNegativeScenarios" name="NegativeTesting" time="4.078">
    <failure type="java.lang.AssertionError" message="expected [Incorrect email or password.] but found []">
      <![CDATA[java.lang.AssertionError: expected [Incorrect email or password.] but found []
at E_commerce.E_commerce.TestNegativeScenarios.NegativeTesting(TestNegativeScenarios.java:18)
at java.base/java.util.ArrayList.forEach(ArrayList.java:1596)
... Removed 36 stack frames]]>
    </failure>
  </testcase> <!-- NegativeTesting -->
  <testcase classname="E_commerce.E_commerce.TestNegativeScenarios" name="NegativeTesting" time="1.482"/>
  <testcase classname="E_commerce.E_commerce.TestValidations" name="FirstOrder" time="9.251"/>
  <testcase classname="E_commerce.E_commerce.TestValidations" name="FirstOrder" time="8.47"/>
  <testcase classname="E_commerce.E_commerce.TestValidations" name="loginPage" time="1.64"/>
  <testcase classname="E_commerce.E_commerce.TestValidations" name="loginPage" time="0.817"/>
</testsuite> <!-- Surefire test -->
