<?xml version="1.0" encoding="UTF-8"?>
<!-- Generated by org.testng.reporters.JUnitReportReporter -->
<testsuite hostname="Batman" failures="0" tests="1" name="cucumber.runner" time="6.784" errors="1" timestamp="2024-03-26T13:29:10 IST" skipped="0">
  <testcase classname="cucumber.runner" name="runScenario" time="6.784">
    <error message="Cannot invoke &quot;org.openqa.selenium.SearchContext.findElement(org.openqa.selenium.By)&quot; because &quot;this.searchContext&quot; is null" type="java.lang.NullPointerException">
      <![CDATA[java.lang.NullPointerException: Cannot invoke "org.openqa.selenium.SearchContext.findElement(org.openqa.selenium.By)" because "this.searchContext" is null
at org.openqa.selenium.support.pagefactory.DefaultElementLocator.findElement(DefaultElementLocator.java:68)
at org.openqa.selenium.support.pagefactory.internal.LocatingElementHandler.invoke(LocatingElementHandler.java:38)
at jdk.proxy2/jdk.proxy2.$Proxy24.sendKeys(Unknown Source)
at Ecommerce.pageObjects.landingPage.Ecommerce_login(landingPage.java:29)
at Ecommerce.StepDefinitions.StepDefinitionImplementation.user_enters_and_in_e_commerce_homescreen_webpage(StepDefinitionImplementation.java:35)
at âœ½.user enters "tushar1234@gmail.com" and "Tushar1234" in E-commerce Homescreen WebPage(file:///C:/Users/HP/eclipse-workspace/E-commerce/src/test/java/cucumber/TestValidation.feature:10)
]]>
    </error>
  </testcase> <!-- runScenario -->
</testsuite> <!-- cucumber.runner -->
